{"numTotalTestSuites":4,"numPassedTestSuites":2,"numFailedTestSuites":2,"numPendingTestSuites":0,"numTotalTests":16,"numPassedTests":7,"numFailedTests":9,"numPendingTests":0,"numTodoTests":0,"snapshot":{"added":0,"failure":false,"filesAdded":0,"filesRemoved":0,"filesRemovedList":[],"filesUnmatched":0,"filesUpdated":0,"matched":0,"total":0,"unchecked":0,"uncheckedKeysByFile":[],"unmatched":0,"updated":0,"didUpdate":false},"startTime":1774602142131,"success":false,"testResults":[{"assertionResults":[{"ancestorTitles":["ProjectionStore"],"fullName":"ProjectionStore starts idle","status":"failed","title":"starts idle","duration":17.89160000000004,"failureMessages":["ReferenceError: document is not defined\n    at Object._document [as useFactory] (file:///C:/Users/Taboo/chano_web/node_modules/@angular/platform-browser/fesm2022/_browser-chunk.mjs:329:16)\n    at Object.factory (file:///C:/Users/Taboo/chano_web/node_modules/@angular/core/fesm2022/_effect-chunk2.mjs:1395:32)\n    at file:///C:/Users/Taboo/chano_web/node_modules/@angular/core/fesm2022/_effect-chunk2.mjs:1316:35\n    at runInInjectorProfilerContext (file:///C:/Users/Taboo/chano_web/node_modules/@angular/core/fesm2022/_effect-chunk2.mjs:444:5)\n    at R3Injector.hydrate (file:///C:/Users/Taboo/chano_web/node_modules/@angular/core/fesm2022/_effect-chunk2.mjs:1314:11)\n    at R3Injector.get (file:///C:/Users/Taboo/chano_web/node_modules/@angular/core/fesm2022/_effect-chunk2.mjs:1203:23)\n    at R3Injector.get (file:///C:/Users/Taboo/chano_web/node_modules/@angular/core/fesm2022/_effect-chunk2.mjs:1208:27)\n    at R3Injector.retrieve (file:///C:/Users/Taboo/chano_web/node_modules/@angular/core/fesm2022/_effect-chunk2.mjs:1118:19)\n    at injectInjectorOnly (file:///C:/Users/Taboo/chano_web/node_modules/@angular/core/fesm2022/_effect-chunk2.mjs:672:35)\n    at ɵɵinject (file:///C:/Users/Taboo/chano_web/node_modules/@angular/core/fesm2022/_effect-chunk2.mjs:684:59)"],"meta":{}},{"ancestorTitles":["ProjectionStore"],"fullName":"ProjectionStore does not mutate projection state before snapshot_complete","status":"failed","title":"does not mutate projection state before snapshot_complete","duration":105.36069999999995,"failureMessages":["Error: NG0200: Circular dependency detected for `InjectionToken DocumentToken`. Source: DynamicTestModule. Path: TestComponentRenderer -> InjectionToken DocumentToken. Find more at https://v21.angular.dev/errors/NG0200\n    at createRuntimeError (file:///C:/Users/Taboo/chano_web/node_modules/@angular/core/fesm2022/_effect-chunk2.mjs:602:17)\n    at cyclicDependencyError (file:///C:/Users/Taboo/chano_web/node_modules/@angular/core/fesm2022/_effect-chunk2.mjs:554:10)\n    at R3Injector.hydrate (file:///C:/Users/Taboo/chano_web/node_modules/@angular/core/fesm2022/_effect-chunk2.mjs:1310:15)\n    at R3Injector.get (file:///C:/Users/Taboo/chano_web/node_modules/@angular/core/fesm2022/_effect-chunk2.mjs:1203:23)\n    at R3Injector.get (file:///C:/Users/Taboo/chano_web/node_modules/@angular/core/fesm2022/_effect-chunk2.mjs:1208:27)\n    at R3Injector.retrieve (file:///C:/Users/Taboo/chano_web/node_modules/@angular/core/fesm2022/_effect-chunk2.mjs:1118:19)\n    at injectInjectorOnly (file:///C:/Users/Taboo/chano_web/node_modules/@angular/core/fesm2022/_effect-chunk2.mjs:672:35)\n    at ɵɵinject (file:///C:/Users/Taboo/chano_web/node_modules/@angular/core/fesm2022/_effect-chunk2.mjs:684:59)\n    at Object.DOMTestComponentRenderer_Factory [as factory] (ng:///DOMTestComponentRenderer/ɵfac.js:5:68)\n    at file:///C:/Users/Taboo/chano_web/node_modules/@angular/core/fesm2022/_effect-chunk2.mjs:1316:35"],"meta":{}},{"ancestorTitles":["ProjectionStore"],"fullName":"ProjectionStore rejects invalid checksum without mutating committed state","status":"failed","title":"rejects invalid checksum without mutating committed state","duration":91.38689999999997,"failureMessages":["Error: NG0200: Circular dependency detected for `InjectionToken DocumentToken`. Source: DynamicTestModule. Path: TestComponentRenderer -> InjectionToken DocumentToken. Find more at https://v21.angular.dev/errors/NG0200\n    at createRuntimeError (file:///C:/Users/Taboo/chano_web/node_modules/@angular/core/fesm2022/_effect-chunk2.mjs:602:17)\n    at cyclicDependencyError (file:///C:/Users/Taboo/chano_web/node_modules/@angular/core/fesm2022/_effect-chunk2.mjs:554:10)\n    at R3Injector.hydrate (file:///C:/Users/Taboo/chano_web/node_modules/@angular/core/fesm2022/_effect-chunk2.mjs:1310:15)\n    at R3Injector.get (file:///C:/Users/Taboo/chano_web/node_modules/@angular/core/fesm2022/_effect-chunk2.mjs:1203:23)\n    at R3Injector.get (file:///C:/Users/Taboo/chano_web/node_modules/@angular/core/fesm2022/_effect-chunk2.mjs:1208:27)\n    at R3Injector.retrieve (file:///C:/Users/Taboo/chano_web/node_modules/@angular/core/fesm2022/_effect-chunk2.mjs:1118:19)\n    at injectInjectorOnly (file:///C:/Users/Taboo/chano_web/node_modules/@angular/core/fesm2022/_effect-chunk2.mjs:672:35)\n    at ɵɵinject (file:///C:/Users/Taboo/chano_web/node_modules/@angular/core/fesm2022/_effect-chunk2.mjs:684:59)\n    at Object.DOMTestComponentRenderer_Factory [as factory] (ng:///DOMTestComponentRenderer/ɵfac.js:5:68)\n    at file:///C:/Users/Taboo/chano_web/node_modules/@angular/core/fesm2022/_effect-chunk2.mjs:1316:35"],"meta":{}},{"ancestorTitles":["ProjectionStore"],"fullName":"ProjectionStore replaces projection state atomically on snapshot apply","status":"failed","title":"replaces projection state atomically on snapshot apply","duration":96.8744999999999,"failureMessages":["Error: NG0200: Circular dependency detected for `InjectionToken DocumentToken`. Source: DynamicTestModule. Path: TestComponentRenderer -> InjectionToken DocumentToken. Find more at https://v21.angular.dev/errors/NG0200\n    at createRuntimeError (file:///C:/Users/Taboo/chano_web/node_modules/@angular/core/fesm2022/_effect-chunk2.mjs:602:17)\n    at cyclicDependencyError (file:///C:/Users/Taboo/chano_web/node_modules/@angular/core/fesm2022/_effect-chunk2.mjs:554:10)\n    at R3Injector.hydrate (file:///C:/Users/Taboo/chano_web/node_modules/@angular/core/fesm2022/_effect-chunk2.mjs:1310:15)\n    at R3Injector.get (file:///C:/Users/Taboo/chano_web/node_modules/@angular/core/fesm2022/_effect-chunk2.mjs:1203:23)\n    at R3Injector.get (file:///C:/Users/Taboo/chano_web/node_modules/@angular/core/fesm2022/_effect-chunk2.mjs:1208:27)\n    at R3Injector.retrieve (file:///C:/Users/Taboo/chano_web/node_modules/@angular/core/fesm2022/_effect-chunk2.mjs:1118:19)\n    at injectInjectorOnly (file:///C:/Users/Taboo/chano_web/node_modules/@angular/core/fesm2022/_effect-chunk2.mjs:672:35)\n    at ɵɵinject (file:///C:/Users/Taboo/chano_web/node_modules/@angular/core/fesm2022/_effect-chunk2.mjs:684:59)\n    at Object.DOMTestComponentRenderer_Factory [as factory] (ng:///DOMTestComponentRenderer/ɵfac.js:5:68)\n    at file:///C:/Users/Taboo/chano_web/node_modules/@angular/core/fesm2022/_effect-chunk2.mjs:1316:35"],"meta":{}},{"ancestorTitles":["ProjectionStore"],"fullName":"ProjectionStore buffers events during ingestion and applies them only after snapshot_complete","status":"failed","title":"buffers events during ingestion and applies them only after snapshot_complete","duration":167.14470000000006,"failureMessages":["Error: NG0200: Circular dependency detected for `InjectionToken DocumentToken`. Source: DynamicTestModule. Path: TestComponentRenderer -> InjectionToken DocumentToken. Find more at https://v21.angular.dev/errors/NG0200\n    at createRuntimeError (file:///C:/Users/Taboo/chano_web/node_modules/@angular/core/fesm2022/_effect-chunk2.mjs:602:17)\n    at cyclicDependencyError (file:///C:/Users/Taboo/chano_web/node_modules/@angular/core/fesm2022/_effect-chunk2.mjs:554:10)\n    at R3Injector.hydrate (file:///C:/Users/Taboo/chano_web/node_modules/@angular/core/fesm2022/_effect-chunk2.mjs:1310:15)\n    at R3Injector.get (file:///C:/Users/Taboo/chano_web/node_modules/@angular/core/fesm2022/_effect-chunk2.mjs:1203:23)\n    at R3Injector.get (file:///C:/Users/Taboo/chano_web/node_modules/@angular/core/fesm2022/_effect-chunk2.mjs:1208:27)\n    at R3Injector.retrieve (file:///C:/Users/Taboo/chano_web/node_modules/@angular/core/fesm2022/_effect-chunk2.mjs:1118:19)\n    at injectInjectorOnly (file:///C:/Users/Taboo/chano_web/node_modules/@angular/core/fesm2022/_effect-chunk2.mjs:672:35)\n    at ɵɵinject (file:///C:/Users/Taboo/chano_web/node_modules/@angular/core/fesm2022/_effect-chunk2.mjs:684:59)\n    at Object.DOMTestComponentRenderer_Factory [as factory] (ng:///DOMTestComponentRenderer/ɵfac.js:5:68)\n    at file:///C:/Users/Taboo/chano_web/node_modules/@angular/core/fesm2022/_effect-chunk2.mjs:1316:35"],"meta":{}},{"ancestorTitles":["ProjectionStore"],"fullName":"ProjectionStore rejects legacy snapshot chunk payloads and preserves committed state","status":"failed","title":"rejects legacy snapshot chunk payloads and preserves committed state","duration":110.26340000000005,"failureMessages":["Error: NG0200: Circular dependency detected for `InjectionToken DocumentToken`. Source: DynamicTestModule. Path: TestComponentRenderer -> InjectionToken DocumentToken. Find more at https://v21.angular.dev/errors/NG0200\n    at createRuntimeError (file:///C:/Users/Taboo/chano_web/node_modules/@angular/core/fesm2022/_effect-chunk2.mjs:602:17)\n    at cyclicDependencyError (file:///C:/Users/Taboo/chano_web/node_modules/@angular/core/fesm2022/_effect-chunk2.mjs:554:10)\n    at R3Injector.hydrate (file:///C:/Users/Taboo/chano_web/node_modules/@angular/core/fesm2022/_effect-chunk2.mjs:1310:15)\n    at R3Injector.get (file:///C:/Users/Taboo/chano_web/node_modules/@angular/core/fesm2022/_effect-chunk2.mjs:1203:23)\n    at R3Injector.get (file:///C:/Users/Taboo/chano_web/node_modules/@angular/core/fesm2022/_effect-chunk2.mjs:1208:27)\n    at R3Injector.retrieve (file:///C:/Users/Taboo/chano_web/node_modules/@angular/core/fesm2022/_effect-chunk2.mjs:1118:19)\n    at injectInjectorOnly (file:///C:/Users/Taboo/chano_web/node_modules/@angular/core/fesm2022/_effect-chunk2.mjs:672:35)\n    at ɵɵinject (file:///C:/Users/Taboo/chano_web/node_modules/@angular/core/fesm2022/_effect-chunk2.mjs:684:59)\n    at Object.DOMTestComponentRenderer_Factory [as factory] (ng:///DOMTestComponentRenderer/ɵfac.js:5:68)\n    at file:///C:/Users/Taboo/chano_web/node_modules/@angular/core/fesm2022/_effect-chunk2.mjs:1316:35"],"meta":{}},{"ancestorTitles":["ProjectionStore"],"fullName":"ProjectionStore exposes canonical selector state without raw snapshot payloads","status":"failed","title":"exposes canonical selector state without raw snapshot payloads","duration":46.516000000000076,"failureMessages":["Error: NG0200: Circular dependency detected for `InjectionToken DocumentToken`. Source: DynamicTestModule. Path: TestComponentRenderer -> InjectionToken DocumentToken. Find more at https://v21.angular.dev/errors/NG0200\n    at createRuntimeError (file:///C:/Users/Taboo/chano_web/node_modules/@angular/core/fesm2022/_effect-chunk2.mjs:602:17)\n    at cyclicDependencyError (file:///C:/Users/Taboo/chano_web/node_modules/@angular/core/fesm2022/_effect-chunk2.mjs:554:10)\n    at R3Injector.hydrate (file:///C:/Users/Taboo/chano_web/node_modules/@angular/core/fesm2022/_effect-chunk2.mjs:1310:15)\n    at R3Injector.get (file:///C:/Users/Taboo/chano_web/node_modules/@angular/core/fesm2022/_effect-chunk2.mjs:1203:23)\n    at R3Injector.get (file:///C:/Users/Taboo/chano_web/node_modules/@angular/core/fesm2022/_effect-chunk2.mjs:1208:27)\n    at R3Injector.retrieve (file:///C:/Users/Taboo/chano_web/node_modules/@angular/core/fesm2022/_effect-chunk2.mjs:1118:19)\n    at injectInjectorOnly (file:///C:/Users/Taboo/chano_web/node_modules/@angular/core/fesm2022/_effect-chunk2.mjs:672:35)\n    at ɵɵinject (file:///C:/Users/Taboo/chano_web/node_modules/@angular/core/fesm2022/_effect-chunk2.mjs:684:59)\n    at Object.DOMTestComponentRenderer_Factory [as factory] (ng:///DOMTestComponentRenderer/ɵfac.js:5:68)\n    at file:///C:/Users/Taboo/chano_web/node_modules/@angular/core/fesm2022/_effect-chunk2.mjs:1316:35"],"meta":{}},{"ancestorTitles":["ProjectionStore"],"fullName":"ProjectionStore rejects malformed snapshot pipeline when 'folder' lastEventVersion is missing","status":"failed","title":"rejects malformed snapshot pipeline when 'folder' lastEventVersion is missing","duration":110.55229999999983,"failureMessages":["Error: NG0200: Circular dependency detected for `InjectionToken DocumentToken`. Source: DynamicTestModule. Path: TestComponentRenderer -> InjectionToken DocumentToken. Find more at https://v21.angular.dev/errors/NG0200\n    at createRuntimeError (file:///C:/Users/Taboo/chano_web/node_modules/@angular/core/fesm2022/_effect-chunk2.mjs:602:17)\n    at cyclicDependencyError (file:///C:/Users/Taboo/chano_web/node_modules/@angular/core/fesm2022/_effect-chunk2.mjs:554:10)\n    at R3Injector.hydrate (file:///C:/Users/Taboo/chano_web/node_modules/@angular/core/fesm2022/_effect-chunk2.mjs:1310:15)\n    at R3Injector.get (file:///C:/Users/Taboo/chano_web/node_modules/@angular/core/fesm2022/_effect-chunk2.mjs:1203:23)\n    at R3Injector.get (file:///C:/Users/Taboo/chano_web/node_modules/@angular/core/fesm2022/_effect-chunk2.mjs:1208:27)\n    at R3Injector.retrieve (file:///C:/Users/Taboo/chano_web/node_modules/@angular/core/fesm2022/_effect-chunk2.mjs:1118:19)\n    at injectInjectorOnly (file:///C:/Users/Taboo/chano_web/node_modules/@angular/core/fesm2022/_effect-chunk2.mjs:672:35)\n    at ɵɵinject (file:///C:/Users/Taboo/chano_web/node_modules/@angular/core/fesm2022/_effect-chunk2.mjs:684:59)\n    at Object.DOMTestComponentRenderer_Factory [as factory] (ng:///DOMTestComponentRenderer/ɵfac.js:5:68)\n    at file:///C:/Users/Taboo/chano_web/node_modules/@angular/core/fesm2022/_effect-chunk2.mjs:1316:35"],"meta":{}},{"ancestorTitles":["ProjectionStore"],"fullName":"ProjectionStore rejects malformed snapshot pipeline when 'thread' lastEventVersion is missing","status":"failed","title":"rejects malformed snapshot pipeline when 'thread' lastEventVersion is missing","duration":109.53899999999999,"failureMessages":["Error: NG0200: Circular dependency detected for `InjectionToken DocumentToken`. Source: DynamicTestModule. Path: TestComponentRenderer -> InjectionToken DocumentToken. Find more at https://v21.angular.dev/errors/NG0200\n    at createRuntimeError (file:///C:/Users/Taboo/chano_web/node_modules/@angular/core/fesm2022/_effect-chunk2.mjs:602:17)\n    at cyclicDependencyError (file:///C:/Users/Taboo/chano_web/node_modules/@angular/core/fesm2022/_effect-chunk2.mjs:554:10)\n    at R3Injector.hydrate (file:///C:/Users/Taboo/chano_web/node_modules/@angular/core/fesm2022/_effect-chunk2.mjs:1310:15)\n    at R3Injector.get (file:///C:/Users/Taboo/chano_web/node_modules/@angular/core/fesm2022/_effect-chunk2.mjs:1203:23)\n    at R3Injector.get (file:///C:/Users/Taboo/chano_web/node_modules/@angular/core/fesm2022/_effect-chunk2.mjs:1208:27)\n    at R3Injector.retrieve (file:///C:/Users/Taboo/chano_web/node_modules/@angular/core/fesm2022/_effect-chunk2.mjs:1118:19)\n    at injectInjectorOnly (file:///C:/Users/Taboo/chano_web/node_modules/@angular/core/fesm2022/_effect-chunk2.mjs:672:35)\n    at ɵɵinject (file:///C:/Users/Taboo/chano_web/node_modules/@angular/core/fesm2022/_effect-chunk2.mjs:684:59)\n    at Object.DOMTestComponentRenderer_Factory [as factory] (ng:///DOMTestComponentRenderer/ɵfac.js:5:68)\n    at file:///C:/Users/Taboo/chano_web/node_modules/@angular/core/fesm2022/_effect-chunk2.mjs:1316:35"],"meta":{}}],"startTime":1774602143171,"endTime":1774602144026.539,"status":"failed","message":"","name":"C:/Users/Taboo/chano_web/src/app/projection/projection.store.spec.ts"},{"assertionResults":[{"ancestorTitles":["EventValidation"],"fullName":"EventValidation event_validation_valid_event","status":"passed","title":"event_validation_valid_event","duration":10.393999999999892,"failureMessages":[],"meta":{}},{"ancestorTitles":["EventValidation"],"fullName":"EventValidation event_validation_invalid_schema","status":"passed","title":"event_validation_invalid_schema","duration":1.1470000000000482,"failureMessages":[],"meta":{}},{"ancestorTitles":["EventValidation"],"fullName":"EventValidation event_validation_checksum_failure","status":"passed","title":"event_validation_checksum_failure","duration":1.0808999999999287,"failureMessages":[],"meta":{}},{"ancestorTitles":["EventValidation"],"fullName":"EventValidation event_validation_reject_missing_fields","status":"passed","title":"event_validation_reject_missing_fields","duration":0.6689000000000078,"failureMessages":[],"meta":{}},{"ancestorTitles":["EventValidation"],"fullName":"EventValidation event_validation_ignores_unknown_fields","status":"passed","title":"event_validation_ignores_unknown_fields","duration":0.7846999999999298,"failureMessages":[],"meta":{}},{"ancestorTitles":["EventValidation"],"fullName":"EventValidation event_validation_forward_only_valid_events","status":"passed","title":"event_validation_forward_only_valid_events","duration":24.034400000000005,"failureMessages":[],"meta":{}},{"ancestorTitles":["EventValidation"],"fullName":"EventValidation validate_start_boundary_returns_expected_versions","status":"passed","title":"validate_start_boundary_returns_expected_versions","duration":1.8464999999999918,"failureMessages":[],"meta":{}}],"startTime":1774602143114,"endTime":1774602143153.8464,"status":"passed","message":"","name":"C:/Users/Taboo/chano_web/src/app/projection/projection_event_validation.spec.ts"}]}