{"numTotalTestSuites":9,"numPassedTestSuites":0,"numFailedTestSuites":9,"numPendingTestSuites":0,"numTotalTests":15,"numPassedTests":0,"numFailedTests":15,"numPendingTests":0,"numTodoTests":0,"snapshot":{"added":0,"failure":false,"filesAdded":0,"filesRemoved":0,"filesRemovedList":[],"filesUnmatched":0,"filesUpdated":0,"matched":0,"total":0,"unchecked":0,"uncheckedKeysByFile":[],"unmatched":0,"updated":0,"didUpdate":false},"startTime":1774332324903,"success":false,"testResults":[{"assertionResults":[{"ancestorTitles":["SplitPaneComponent"],"fullName":"SplitPaneComponent updates_ratio_and_respects_min_max_bounds","status":"failed","title":"updates_ratio_and_respects_min_max_bounds","duration":75.3501,"failureMessages":["ReferenceError: document is not defined\n    at Object._document [as useFactory] (file:///C:/Users/Taboo/chano_web/node_modules/@angular/platform-browser/fesm2022/_browser-chunk.mjs:329:16)\n    at Object.factory (file:///C:/Users/Taboo/chano_web/node_modules/@angular/core/fesm2022/_effect-chunk2.mjs:1395:32)\n    at file:///C:/Users/Taboo/chano_web/node_modules/@angular/core/fesm2022/_effect-chunk2.mjs:1316:35\n    at runInInjectorProfilerContext (file:///C:/Users/Taboo/chano_web/node_modules/@angular/core/fesm2022/_effect-chunk2.mjs:444:5)\n    at R3Injector.hydrate (file:///C:/Users/Taboo/chano_web/node_modules/@angular/core/fesm2022/_effect-chunk2.mjs:1314:11)\n    at R3Injector.get (file:///C:/Users/Taboo/chano_web/node_modules/@angular/core/fesm2022/_effect-chunk2.mjs:1203:23)\n    at R3Injector.get (file:///C:/Users/Taboo/chano_web/node_modules/@angular/core/fesm2022/_effect-chunk2.mjs:1208:27)\n    at R3Injector.retrieve (file:///C:/Users/Taboo/chano_web/node_modules/@angular/core/fesm2022/_effect-chunk2.mjs:1118:19)\n    at injectInjectorOnly (file:///C:/Users/Taboo/chano_web/node_modules/@angular/core/fesm2022/_effect-chunk2.mjs:672:35)\n    at ɵɵinject (file:///C:/Users/Taboo/chano_web/node_modules/@angular/core/fesm2022/_effect-chunk2.mjs:684:59)","Error: NG0200: Circular dependency detected for `TestComponentRenderer`. Source: DynamicTestModule. Find more at https://v21.angular.dev/errors/NG0200\n    at createRuntimeError (file:///C:/Users/Taboo/chano_web/node_modules/@angular/core/fesm2022/_effect-chunk2.mjs:602:17)\n    at cyclicDependencyError (file:///C:/Users/Taboo/chano_web/node_modules/@angular/core/fesm2022/_effect-chunk2.mjs:554:10)\n    at R3Injector.hydrate (file:///C:/Users/Taboo/chano_web/node_modules/@angular/core/fesm2022/_effect-chunk2.mjs:1310:15)\n    at R3Injector.get (file:///C:/Users/Taboo/chano_web/node_modules/@angular/core/fesm2022/_effect-chunk2.mjs:1203:23)\n    at TestBedImpl.inject (file:///C:/Users/Taboo/chano_web/node_modules/@angular/core/fesm2022/testing.mjs:1413:48)\n    at TestBedImpl.tearDownTestingModule (file:///C:/Users/Taboo/chano_web/node_modules/@angular/core/fesm2022/testing.mjs:1552:31)\n    at TestBedImpl.resetTestingModule (file:///C:/Users/Taboo/chano_web/node_modules/@angular/core/fesm2022/testing.mjs:1366:16)\n    at TestBedImpl.resetTestingModule (file:///C:/Users/Taboo/chano_web/node_modules/@angular/core/fesm2022/testing.mjs:1309:33)\n    at C:/Users/Taboo/chano_web/src/app/split_pane.component.spec.ts:63:13\n    at file:///C:/Users/Taboo/chano_web/node_modules/@vitest/runner/dist/index.js:145:11"],"meta":{}},{"ancestorTitles":["SplitPaneComponent"],"fullName":"SplitPaneComponent throttles_pointermove_updates_to_one_emit_per_animation_frame","status":"failed","title":"throttles_pointermove_updates_to_one_emit_per_animation_frame","duration":5.355199999999968,"failureMessages":["Error: NG0200: Circular dependency detected for `InjectionToken DocumentToken`. Source: DynamicTestModule. Path: TestComponentRenderer -> InjectionToken DocumentToken. Find more at https://v21.angular.dev/errors/NG0200\n    at createRuntimeError (file:///C:/Users/Taboo/chano_web/node_modules/@angular/core/fesm2022/_effect-chunk2.mjs:602:17)\n    at cyclicDependencyError (file:///C:/Users/Taboo/chano_web/node_modules/@angular/core/fesm2022/_effect-chunk2.mjs:554:10)\n    at R3Injector.hydrate (file:///C:/Users/Taboo/chano_web/node_modules/@angular/core/fesm2022/_effect-chunk2.mjs:1310:15)\n    at R3Injector.get (file:///C:/Users/Taboo/chano_web/node_modules/@angular/core/fesm2022/_effect-chunk2.mjs:1203:23)\n    at R3Injector.get (file:///C:/Users/Taboo/chano_web/node_modules/@angular/core/fesm2022/_effect-chunk2.mjs:1208:27)\n    at R3Injector.retrieve (file:///C:/Users/Taboo/chano_web/node_modules/@angular/core/fesm2022/_effect-chunk2.mjs:1118:19)\n    at injectInjectorOnly (file:///C:/Users/Taboo/chano_web/node_modules/@angular/core/fesm2022/_effect-chunk2.mjs:672:35)\n    at ɵɵinject (file:///C:/Users/Taboo/chano_web/node_modules/@angular/core/fesm2022/_effect-chunk2.mjs:684:59)\n    at Object.DOMTestComponentRenderer_Factory [as factory] (ng:///DOMTestComponentRenderer/ɵfac.js:5:68)\n    at file:///C:/Users/Taboo/chano_web/node_modules/@angular/core/fesm2022/_effect-chunk2.mjs:1316:35","Error: NG0200: Circular dependency detected for `TestComponentRenderer`. Source: DynamicTestModule. Find more at https://v21.angular.dev/errors/NG0200\n    at createRuntimeError (file:///C:/Users/Taboo/chano_web/node_modules/@angular/core/fesm2022/_effect-chunk2.mjs:602:17)\n    at cyclicDependencyError (file:///C:/Users/Taboo/chano_web/node_modules/@angular/core/fesm2022/_effect-chunk2.mjs:554:10)\n    at R3Injector.hydrate (file:///C:/Users/Taboo/chano_web/node_modules/@angular/core/fesm2022/_effect-chunk2.mjs:1310:15)\n    at R3Injector.get (file:///C:/Users/Taboo/chano_web/node_modules/@angular/core/fesm2022/_effect-chunk2.mjs:1203:23)\n    at TestBedImpl.inject (file:///C:/Users/Taboo/chano_web/node_modules/@angular/core/fesm2022/testing.mjs:1413:48)\n    at TestBedImpl.tearDownTestingModule (file:///C:/Users/Taboo/chano_web/node_modules/@angular/core/fesm2022/testing.mjs:1552:31)\n    at TestBedImpl.resetTestingModule (file:///C:/Users/Taboo/chano_web/node_modules/@angular/core/fesm2022/testing.mjs:1366:16)\n    at TestBedImpl.resetTestingModule (file:///C:/Users/Taboo/chano_web/node_modules/@angular/core/fesm2022/testing.mjs:1309:33)\n    at C:/Users/Taboo/chano_web/src/app/split_pane.component.spec.ts:63:13\n    at file:///C:/Users/Taboo/chano_web/node_modules/@vitest/runner/dist/index.js:145:11"],"meta":{}},{"ancestorTitles":["SplitPaneComponent"],"fullName":"SplitPaneComponent applies_the_final_ratio_on_pointerup_even_before_animation_frame_flush","status":"failed","title":"applies_the_final_ratio_on_pointerup_even_before_animation_frame_flush","duration":2.95130000000006,"failureMessages":["Error: NG0200: Circular dependency detected for `InjectionToken DocumentToken`. Source: DynamicTestModule. Path: TestComponentRenderer -> InjectionToken DocumentToken. Find more at https://v21.angular.dev/errors/NG0200\n    at createRuntimeError (file:///C:/Users/Taboo/chano_web/node_modules/@angular/core/fesm2022/_effect-chunk2.mjs:602:17)\n    at cyclicDependencyError (file:///C:/Users/Taboo/chano_web/node_modules/@angular/core/fesm2022/_effect-chunk2.mjs:554:10)\n    at R3Injector.hydrate (file:///C:/Users/Taboo/chano_web/node_modules/@angular/core/fesm2022/_effect-chunk2.mjs:1310:15)\n    at R3Injector.get (file:///C:/Users/Taboo/chano_web/node_modules/@angular/core/fesm2022/_effect-chunk2.mjs:1203:23)\n    at R3Injector.get (file:///C:/Users/Taboo/chano_web/node_modules/@angular/core/fesm2022/_effect-chunk2.mjs:1208:27)\n    at R3Injector.retrieve (file:///C:/Users/Taboo/chano_web/node_modules/@angular/core/fesm2022/_effect-chunk2.mjs:1118:19)\n    at injectInjectorOnly (file:///C:/Users/Taboo/chano_web/node_modules/@angular/core/fesm2022/_effect-chunk2.mjs:672:35)\n    at ɵɵinject (file:///C:/Users/Taboo/chano_web/node_modules/@angular/core/fesm2022/_effect-chunk2.mjs:684:59)\n    at Object.DOMTestComponentRenderer_Factory [as factory] (ng:///DOMTestComponentRenderer/ɵfac.js:5:68)\n    at file:///C:/Users/Taboo/chano_web/node_modules/@angular/core/fesm2022/_effect-chunk2.mjs:1316:35","Error: NG0200: Circular dependency detected for `TestComponentRenderer`. Source: DynamicTestModule. Find more at https://v21.angular.dev/errors/NG0200\n    at createRuntimeError (file:///C:/Users/Taboo/chano_web/node_modules/@angular/core/fesm2022/_effect-chunk2.mjs:602:17)\n    at cyclicDependencyError (file:///C:/Users/Taboo/chano_web/node_modules/@angular/core/fesm2022/_effect-chunk2.mjs:554:10)\n    at R3Injector.hydrate (file:///C:/Users/Taboo/chano_web/node_modules/@angular/core/fesm2022/_effect-chunk2.mjs:1310:15)\n    at R3Injector.get (file:///C:/Users/Taboo/chano_web/node_modules/@angular/core/fesm2022/_effect-chunk2.mjs:1203:23)\n    at TestBedImpl.inject (file:///C:/Users/Taboo/chano_web/node_modules/@angular/core/fesm2022/testing.mjs:1413:48)\n    at TestBedImpl.tearDownTestingModule (file:///C:/Users/Taboo/chano_web/node_modules/@angular/core/fesm2022/testing.mjs:1552:31)\n    at TestBedImpl.resetTestingModule (file:///C:/Users/Taboo/chano_web/node_modules/@angular/core/fesm2022/testing.mjs:1366:16)\n    at TestBedImpl.resetTestingModule (file:///C:/Users/Taboo/chano_web/node_modules/@angular/core/fesm2022/testing.mjs:1309:33)\n    at C:/Users/Taboo/chano_web/src/app/split_pane.component.spec.ts:63:13\n    at file:///C:/Users/Taboo/chano_web/node_modules/@vitest/runner/dist/index.js:145:11"],"meta":{}},{"ancestorTitles":["SplitPaneComponent"],"fullName":"SplitPaneComponent filters_micro_movements_below_epsilon_during_throttled_updates","status":"failed","title":"filters_micro_movements_below_epsilon_during_throttled_updates","duration":2.8473000000000184,"failureMessages":["Error: NG0200: Circular dependency detected for `InjectionToken DocumentToken`. Source: DynamicTestModule. Path: TestComponentRenderer -> InjectionToken DocumentToken. Find more at https://v21.angular.dev/errors/NG0200\n    at createRuntimeError (file:///C:/Users/Taboo/chano_web/node_modules/@angular/core/fesm2022/_effect-chunk2.mjs:602:17)\n    at cyclicDependencyError (file:///C:/Users/Taboo/chano_web/node_modules/@angular/core/fesm2022/_effect-chunk2.mjs:554:10)\n    at R3Injector.hydrate (file:///C:/Users/Taboo/chano_web/node_modules/@angular/core/fesm2022/_effect-chunk2.mjs:1310:15)\n    at R3Injector.get (file:///C:/Users/Taboo/chano_web/node_modules/@angular/core/fesm2022/_effect-chunk2.mjs:1203:23)\n    at R3Injector.get (file:///C:/Users/Taboo/chano_web/node_modules/@angular/core/fesm2022/_effect-chunk2.mjs:1208:27)\n    at R3Injector.retrieve (file:///C:/Users/Taboo/chano_web/node_modules/@angular/core/fesm2022/_effect-chunk2.mjs:1118:19)\n    at injectInjectorOnly (file:///C:/Users/Taboo/chano_web/node_modules/@angular/core/fesm2022/_effect-chunk2.mjs:672:35)\n    at ɵɵinject (file:///C:/Users/Taboo/chano_web/node_modules/@angular/core/fesm2022/_effect-chunk2.mjs:684:59)\n    at Object.DOMTestComponentRenderer_Factory [as factory] (ng:///DOMTestComponentRenderer/ɵfac.js:5:68)\n    at file:///C:/Users/Taboo/chano_web/node_modules/@angular/core/fesm2022/_effect-chunk2.mjs:1316:35","Error: NG0200: Circular dependency detected for `TestComponentRenderer`. Source: DynamicTestModule. Find more at https://v21.angular.dev/errors/NG0200\n    at createRuntimeError (file:///C:/Users/Taboo/chano_web/node_modules/@angular/core/fesm2022/_effect-chunk2.mjs:602:17)\n    at cyclicDependencyError (file:///C:/Users/Taboo/chano_web/node_modules/@angular/core/fesm2022/_effect-chunk2.mjs:554:10)\n    at R3Injector.hydrate (file:///C:/Users/Taboo/chano_web/node_modules/@angular/core/fesm2022/_effect-chunk2.mjs:1310:15)\n    at R3Injector.get (file:///C:/Users/Taboo/chano_web/node_modules/@angular/core/fesm2022/_effect-chunk2.mjs:1203:23)\n    at TestBedImpl.inject (file:///C:/Users/Taboo/chano_web/node_modules/@angular/core/fesm2022/testing.mjs:1413:48)\n    at TestBedImpl.tearDownTestingModule (file:///C:/Users/Taboo/chano_web/node_modules/@angular/core/fesm2022/testing.mjs:1552:31)\n    at TestBedImpl.resetTestingModule (file:///C:/Users/Taboo/chano_web/node_modules/@angular/core/fesm2022/testing.mjs:1366:16)\n    at TestBedImpl.resetTestingModule (file:///C:/Users/Taboo/chano_web/node_modules/@angular/core/fesm2022/testing.mjs:1309:33)\n    at C:/Users/Taboo/chano_web/src/app/split_pane.component.spec.ts:63:13\n    at file:///C:/Users/Taboo/chano_web/node_modules/@vitest/runner/dist/index.js:145:11"],"meta":{}},{"ancestorTitles":["SplitPaneComponent"],"fullName":"SplitPaneComponent emits_when_movement_meets_or_exceeds_epsilon","status":"failed","title":"emits_when_movement_meets_or_exceeds_epsilon","duration":3.626600000000053,"failureMessages":["Error: NG0200: Circular dependency detected for `InjectionToken DocumentToken`. Source: DynamicTestModule. Path: TestComponentRenderer -> InjectionToken DocumentToken. Find more at https://v21.angular.dev/errors/NG0200\n    at createRuntimeError (file:///C:/Users/Taboo/chano_web/node_modules/@angular/core/fesm2022/_effect-chunk2.mjs:602:17)\n    at cyclicDependencyError (file:///C:/Users/Taboo/chano_web/node_modules/@angular/core/fesm2022/_effect-chunk2.mjs:554:10)\n    at R3Injector.hydrate (file:///C:/Users/Taboo/chano_web/node_modules/@angular/core/fesm2022/_effect-chunk2.mjs:1310:15)\n    at R3Injector.get (file:///C:/Users/Taboo/chano_web/node_modules/@angular/core/fesm2022/_effect-chunk2.mjs:1203:23)\n    at R3Injector.get (file:///C:/Users/Taboo/chano_web/node_modules/@angular/core/fesm2022/_effect-chunk2.mjs:1208:27)\n    at R3Injector.retrieve (file:///C:/Users/Taboo/chano_web/node_modules/@angular/core/fesm2022/_effect-chunk2.mjs:1118:19)\n    at injectInjectorOnly (file:///C:/Users/Taboo/chano_web/node_modules/@angular/core/fesm2022/_effect-chunk2.mjs:672:35)\n    at ɵɵinject (file:///C:/Users/Taboo/chano_web/node_modules/@angular/core/fesm2022/_effect-chunk2.mjs:684:59)\n    at Object.DOMTestComponentRenderer_Factory [as factory] (ng:///DOMTestComponentRenderer/ɵfac.js:5:68)\n    at file:///C:/Users/Taboo/chano_web/node_modules/@angular/core/fesm2022/_effect-chunk2.mjs:1316:35","Error: NG0200: Circular dependency detected for `TestComponentRenderer`. Source: DynamicTestModule. Find more at https://v21.angular.dev/errors/NG0200\n    at createRuntimeError (file:///C:/Users/Taboo/chano_web/node_modules/@angular/core/fesm2022/_effect-chunk2.mjs:602:17)\n    at cyclicDependencyError (file:///C:/Users/Taboo/chano_web/node_modules/@angular/core/fesm2022/_effect-chunk2.mjs:554:10)\n    at R3Injector.hydrate (file:///C:/Users/Taboo/chano_web/node_modules/@angular/core/fesm2022/_effect-chunk2.mjs:1310:15)\n    at R3Injector.get (file:///C:/Users/Taboo/chano_web/node_modules/@angular/core/fesm2022/_effect-chunk2.mjs:1203:23)\n    at TestBedImpl.inject (file:///C:/Users/Taboo/chano_web/node_modules/@angular/core/fesm2022/testing.mjs:1413:48)\n    at TestBedImpl.tearDownTestingModule (file:///C:/Users/Taboo/chano_web/node_modules/@angular/core/fesm2022/testing.mjs:1552:31)\n    at TestBedImpl.resetTestingModule (file:///C:/Users/Taboo/chano_web/node_modules/@angular/core/fesm2022/testing.mjs:1366:16)\n    at TestBedImpl.resetTestingModule (file:///C:/Users/Taboo/chano_web/node_modules/@angular/core/fesm2022/testing.mjs:1309:33)\n    at C:/Users/Taboo/chano_web/src/app/split_pane.component.spec.ts:63:13\n    at file:///C:/Users/Taboo/chano_web/node_modules/@vitest/runner/dist/index.js:145:11"],"meta":{}},{"ancestorTitles":["SplitPaneComponent"],"fullName":"SplitPaneComponent always_emits_final_ratio_on_pointerup_even_when_delta_is_below_epsilon","status":"failed","title":"always_emits_final_ratio_on_pointerup_even_when_delta_is_below_epsilon","duration":2.532699999999977,"failureMessages":["Error: NG0200: Circular dependency detected for `InjectionToken DocumentToken`. Source: DynamicTestModule. Path: TestComponentRenderer -> InjectionToken DocumentToken. Find more at https://v21.angular.dev/errors/NG0200\n    at createRuntimeError (file:///C:/Users/Taboo/chano_web/node_modules/@angular/core/fesm2022/_effect-chunk2.mjs:602:17)\n    at cyclicDependencyError (file:///C:/Users/Taboo/chano_web/node_modules/@angular/core/fesm2022/_effect-chunk2.mjs:554:10)\n    at R3Injector.hydrate (file:///C:/Users/Taboo/chano_web/node_modules/@angular/core/fesm2022/_effect-chunk2.mjs:1310:15)\n    at R3Injector.get (file:///C:/Users/Taboo/chano_web/node_modules/@angular/core/fesm2022/_effect-chunk2.mjs:1203:23)\n    at R3Injector.get (file:///C:/Users/Taboo/chano_web/node_modules/@angular/core/fesm2022/_effect-chunk2.mjs:1208:27)\n    at R3Injector.retrieve (file:///C:/Users/Taboo/chano_web/node_modules/@angular/core/fesm2022/_effect-chunk2.mjs:1118:19)\n    at injectInjectorOnly (file:///C:/Users/Taboo/chano_web/node_modules/@angular/core/fesm2022/_effect-chunk2.mjs:672:35)\n    at ɵɵinject (file:///C:/Users/Taboo/chano_web/node_modules/@angular/core/fesm2022/_effect-chunk2.mjs:684:59)\n    at Object.DOMTestComponentRenderer_Factory [as factory] (ng:///DOMTestComponentRenderer/ɵfac.js:5:68)\n    at file:///C:/Users/Taboo/chano_web/node_modules/@angular/core/fesm2022/_effect-chunk2.mjs:1316:35","Error: NG0200: Circular dependency detected for `TestComponentRenderer`. Source: DynamicTestModule. Find more at https://v21.angular.dev/errors/NG0200\n    at createRuntimeError (file:///C:/Users/Taboo/chano_web/node_modules/@angular/core/fesm2022/_effect-chunk2.mjs:602:17)\n    at cyclicDependencyError (file:///C:/Users/Taboo/chano_web/node_modules/@angular/core/fesm2022/_effect-chunk2.mjs:554:10)\n    at R3Injector.hydrate (file:///C:/Users/Taboo/chano_web/node_modules/@angular/core/fesm2022/_effect-chunk2.mjs:1310:15)\n    at R3Injector.get (file:///C:/Users/Taboo/chano_web/node_modules/@angular/core/fesm2022/_effect-chunk2.mjs:1203:23)\n    at TestBedImpl.inject (file:///C:/Users/Taboo/chano_web/node_modules/@angular/core/fesm2022/testing.mjs:1413:48)\n    at TestBedImpl.tearDownTestingModule (file:///C:/Users/Taboo/chano_web/node_modules/@angular/core/fesm2022/testing.mjs:1552:31)\n    at TestBedImpl.resetTestingModule (file:///C:/Users/Taboo/chano_web/node_modules/@angular/core/fesm2022/testing.mjs:1366:16)\n    at TestBedImpl.resetTestingModule (file:///C:/Users/Taboo/chano_web/node_modules/@angular/core/fesm2022/testing.mjs:1309:33)\n    at C:/Users/Taboo/chano_web/src/app/split_pane.component.spec.ts:63:13\n    at file:///C:/Users/Taboo/chano_web/node_modules/@vitest/runner/dist/index.js:145:11"],"meta":{}},{"ancestorTitles":["SplitPaneComponent"],"fullName":"SplitPaneComponent produces_the_same_final_ratio_for_the_same_drag_sequence","status":"failed","title":"produces_the_same_final_ratio_for_the_same_drag_sequence","duration":4.273199999999974,"failureMessages":["Error: NG0200: Circular dependency detected for `InjectionToken DocumentToken`. Source: DynamicTestModule. Path: TestComponentRenderer -> InjectionToken DocumentToken. Find more at https://v21.angular.dev/errors/NG0200\n    at createRuntimeError (file:///C:/Users/Taboo/chano_web/node_modules/@angular/core/fesm2022/_effect-chunk2.mjs:602:17)\n    at cyclicDependencyError (file:///C:/Users/Taboo/chano_web/node_modules/@angular/core/fesm2022/_effect-chunk2.mjs:554:10)\n    at R3Injector.hydrate (file:///C:/Users/Taboo/chano_web/node_modules/@angular/core/fesm2022/_effect-chunk2.mjs:1310:15)\n    at R3Injector.get (file:///C:/Users/Taboo/chano_web/node_modules/@angular/core/fesm2022/_effect-chunk2.mjs:1203:23)\n    at R3Injector.get (file:///C:/Users/Taboo/chano_web/node_modules/@angular/core/fesm2022/_effect-chunk2.mjs:1208:27)\n    at R3Injector.retrieve (file:///C:/Users/Taboo/chano_web/node_modules/@angular/core/fesm2022/_effect-chunk2.mjs:1118:19)\n    at injectInjectorOnly (file:///C:/Users/Taboo/chano_web/node_modules/@angular/core/fesm2022/_effect-chunk2.mjs:672:35)\n    at ɵɵinject (file:///C:/Users/Taboo/chano_web/node_modules/@angular/core/fesm2022/_effect-chunk2.mjs:684:59)\n    at Object.DOMTestComponentRenderer_Factory [as factory] (ng:///DOMTestComponentRenderer/ɵfac.js:5:68)\n    at file:///C:/Users/Taboo/chano_web/node_modules/@angular/core/fesm2022/_effect-chunk2.mjs:1316:35","Error: NG0200: Circular dependency detected for `TestComponentRenderer`. Source: DynamicTestModule. Find more at https://v21.angular.dev/errors/NG0200\n    at createRuntimeError (file:///C:/Users/Taboo/chano_web/node_modules/@angular/core/fesm2022/_effect-chunk2.mjs:602:17)\n    at cyclicDependencyError (file:///C:/Users/Taboo/chano_web/node_modules/@angular/core/fesm2022/_effect-chunk2.mjs:554:10)\n    at R3Injector.hydrate (file:///C:/Users/Taboo/chano_web/node_modules/@angular/core/fesm2022/_effect-chunk2.mjs:1310:15)\n    at R3Injector.get (file:///C:/Users/Taboo/chano_web/node_modules/@angular/core/fesm2022/_effect-chunk2.mjs:1203:23)\n    at TestBedImpl.inject (file:///C:/Users/Taboo/chano_web/node_modules/@angular/core/fesm2022/testing.mjs:1413:48)\n    at TestBedImpl.tearDownTestingModule (file:///C:/Users/Taboo/chano_web/node_modules/@angular/core/fesm2022/testing.mjs:1552:31)\n    at TestBedImpl.resetTestingModule (file:///C:/Users/Taboo/chano_web/node_modules/@angular/core/fesm2022/testing.mjs:1366:16)\n    at TestBedImpl.resetTestingModule (file:///C:/Users/Taboo/chano_web/node_modules/@angular/core/fesm2022/testing.mjs:1309:33)\n    at C:/Users/Taboo/chano_web/src/app/split_pane.component.spec.ts:63:13\n    at file:///C:/Users/Taboo/chano_web/node_modules/@vitest/runner/dist/index.js:145:11"],"meta":{}}],"startTime":1774332325871,"endTime":1774332325968.2732,"status":"failed","message":"","name":"C:/Users/Taboo/chano_web/src/app/split_pane.component.spec.ts"},{"assertionResults":[{"ancestorTitles":["VirtualListComponent"],"fullName":"VirtualListComponent throttles_rapid_scroll_updates_to_one_frame_and_uses_the_final_scroll_position","status":"failed","title":"throttles_rapid_scroll_updates_to_one_frame_and_uses_the_final_scroll_position","duration":182.10609999999974,"failureMessages":["Error: NG0950: Input is required but no value is available yet. Find more at https://v21.angular.dev/errors/NG0950\n    at VirtualListComponent.inputValueFn [as items] (file:///C:/Users/Taboo/chano_web/node_modules/@angular/core/fesm2022/core.mjs:48:13)\n    at VirtualListComponent.computeVisibleRange (C:/Users/Taboo/chano_web/src/app/virtual_list.component.ts:167:29)\n    at C:/Users/Taboo/chano_web/src/app/virtual_list.component.ts:139:30\n    at Object.fn (file:///C:/Users/Taboo/chano_web/node_modules/@angular/core/fesm2022/_effect-chunk2.mjs:2972:5)\n    at runEffect (file:///C:/Users/Taboo/chano_web/node_modules/@angular/core/fesm2022/_effect-chunk.mjs:416:10)\n    at Object.run (file:///C:/Users/Taboo/chano_web/node_modules/@angular/core/fesm2022/_effect-chunk2.mjs:2894:7)\n    at runEffectsInView (file:///C:/Users/Taboo/chano_web/node_modules/@angular/core/fesm2022/_debug_node-chunk.mjs:5701:16)\n    at refreshView (file:///C:/Users/Taboo/chano_web/node_modules/@angular/core/fesm2022/_debug_node-chunk.mjs:5801:5)\n    at detectChangesInView (file:///C:/Users/Taboo/chano_web/node_modules/@angular/core/fesm2022/_debug_node-chunk.mjs:5921:5)\n    at detectChangesInViewIfAttached (file:///C:/Users/Taboo/chano_web/node_modules/@angular/core/fesm2022/_debug_node-chunk.mjs:5904:3)"],"meta":{}},{"ancestorTitles":["VirtualListComponent"],"fullName":"VirtualListComponent skips_range_updates_when_the_computed_slice_does_not_change","status":"failed","title":"skips_range_updates_when_the_computed_slice_does_not_change","duration":15.114100000000235,"failureMessages":["Error: NG0950: Input is required but no value is available yet. Find more at https://v21.angular.dev/errors/NG0950\n    at VirtualListComponent.inputValueFn [as items] (file:///C:/Users/Taboo/chano_web/node_modules/@angular/core/fesm2022/core.mjs:48:13)\n    at VirtualListComponent.computeVisibleRange (C:/Users/Taboo/chano_web/src/app/virtual_list.component.ts:167:29)\n    at C:/Users/Taboo/chano_web/src/app/virtual_list.component.ts:139:30\n    at Object.fn (file:///C:/Users/Taboo/chano_web/node_modules/@angular/core/fesm2022/_effect-chunk2.mjs:2972:5)\n    at runEffect (file:///C:/Users/Taboo/chano_web/node_modules/@angular/core/fesm2022/_effect-chunk.mjs:416:10)\n    at Object.run (file:///C:/Users/Taboo/chano_web/node_modules/@angular/core/fesm2022/_effect-chunk2.mjs:2894:7)\n    at runEffectsInView (file:///C:/Users/Taboo/chano_web/node_modules/@angular/core/fesm2022/_debug_node-chunk.mjs:5701:16)\n    at refreshView (file:///C:/Users/Taboo/chano_web/node_modules/@angular/core/fesm2022/_debug_node-chunk.mjs:5801:5)\n    at detectChangesInView (file:///C:/Users/Taboo/chano_web/node_modules/@angular/core/fesm2022/_debug_node-chunk.mjs:5921:5)\n    at detectChangesInViewIfAttached (file:///C:/Users/Taboo/chano_web/node_modules/@angular/core/fesm2022/_debug_node-chunk.mjs:5904:3)"],"meta":{}},{"ancestorTitles":["VirtualListComponent"],"fullName":"VirtualListComponent applies_the_last_scroll_position_correctly_after_multiple_events_before_flush","status":"failed","title":"applies_the_last_scroll_position_correctly_after_multiple_events_before_flush","duration":12.700599999999667,"failureMessages":["Error: NG0950: Input is required but no value is available yet. Find more at https://v21.angular.dev/errors/NG0950\n    at VirtualListComponent.inputValueFn [as items] (file:///C:/Users/Taboo/chano_web/node_modules/@angular/core/fesm2022/core.mjs:48:13)\n    at VirtualListComponent.computeVisibleRange (C:/Users/Taboo/chano_web/src/app/virtual_list.component.ts:167:29)\n    at C:/Users/Taboo/chano_web/src/app/virtual_list.component.ts:139:30\n    at Object.fn (file:///C:/Users/Taboo/chano_web/node_modules/@angular/core/fesm2022/_effect-chunk2.mjs:2972:5)\n    at runEffect (file:///C:/Users/Taboo/chano_web/node_modules/@angular/core/fesm2022/_effect-chunk.mjs:416:10)\n    at Object.run (file:///C:/Users/Taboo/chano_web/node_modules/@angular/core/fesm2022/_effect-chunk2.mjs:2894:7)\n    at runEffectsInView (file:///C:/Users/Taboo/chano_web/node_modules/@angular/core/fesm2022/_debug_node-chunk.mjs:5701:16)\n    at refreshView (file:///C:/Users/Taboo/chano_web/node_modules/@angular/core/fesm2022/_debug_node-chunk.mjs:5801:5)\n    at detectChangesInView (file:///C:/Users/Taboo/chano_web/node_modules/@angular/core/fesm2022/_debug_node-chunk.mjs:5921:5)\n    at detectChangesInViewIfAttached (file:///C:/Users/Taboo/chano_web/node_modules/@angular/core/fesm2022/_debug_node-chunk.mjs:5904:3)"],"meta":{}}],"startTime":1774332326921,"endTime":1774332327130.7007,"status":"failed","message":"","name":"C:/Users/Taboo/chano_web/src/app/virtual_list.component.spec.ts"},{"assertionResults":[{"ancestorTitles":["FolderTreeComponent"],"fullName":"FolderTreeComponent renders_recursive_folder_nodes_without_transforming_order","status":"failed","title":"renders_recursive_folder_nodes_without_transforming_order","duration":7.0021999999999025,"failureMessages":["Error: Need to call TestBed.initTestEnvironment() first\n    at TestBedImpl.get compiler [as compiler] (file:///C:/Users/Taboo/chano_web/node_modules/@angular/core/fesm2022/testing.mjs:1486:13)\n    at TestBedImpl.configureTestingModule (file:///C:/Users/Taboo/chano_web/node_modules/@angular/core/fesm2022/testing.mjs:1402:10)\n    at TestBedImpl.configureTestingModule (file:///C:/Users/Taboo/chano_web/node_modules/@angular/core/fesm2022/testing.mjs:1273:33)\n    at C:/Users/Taboo/chano_web/src/app/explorer/folder_tree.spec.ts:11:19\n    at file:///C:/Users/Taboo/chano_web/node_modules/@vitest/runner/dist/index.js:145:11\n    at file:///C:/Users/Taboo/chano_web/node_modules/@vitest/runner/dist/index.js:1243:20\n    at new Promise (<anonymous>)\n    at runWithTimeout (file:///C:/Users/Taboo/chano_web/node_modules/@vitest/runner/dist/index.js:1209:10)\n    at runHook (file:///C:/Users/Taboo/chano_web/node_modules/@vitest/runner/dist/index.js:1514:51)\n    at callSuiteHook (file:///C:/Users/Taboo/chano_web/node_modules/@vitest/runner/dist/index.js:1520:25)"],"meta":{}},{"ancestorTitles":["FolderTreeComponent"],"fullName":"FolderTreeComponent emits_selected_folder_id","status":"failed","title":"emits_selected_folder_id","duration":111.26830000000007,"failureMessages":["TypeError: Cannot read properties of null (reading 'ngModule')\n    at isModuleWithProviders (file:///C:/Users/Taboo/chano_web/node_modules/@angular/core/fesm2022/_debug_node-chunk.mjs:7522:16)\n    at expandModuleWithProviders (file:///C:/Users/Taboo/chano_web/node_modules/@angular/core/fesm2022/_debug_node-chunk.mjs:17592:7)\n    at Array.map (<anonymous>)\n    at DynamicTestModule.get (file:///C:/Users/Taboo/chano_web/node_modules/@angular/core/fesm2022/_debug_node-chunk.mjs:17307:84)\n    at getNgModuleDef (file:///C:/Users/Taboo/chano_web/node_modules/@angular/core/fesm2022/_effect-chunk2.mjs:478:14)\n    at getNgModuleDefOrThrow (file:///C:/Users/Taboo/chano_web/node_modules/@angular/core/fesm2022/_effect-chunk2.mjs:481:23)\n    at verifySemanticsOfNgModuleDef (file:///C:/Users/Taboo/chano_web/node_modules/@angular/core/fesm2022/_debug_node-chunk.mjs:17380:19)\n    at DynamicTestModule.get (file:///C:/Users/Taboo/chano_web/node_modules/@angular/core/fesm2022/_debug_node-chunk.mjs:17344:22)\n    at TestBedCompiler.applyProviderOverridesInScope (file:///C:/Users/Taboo/chano_web/node_modules/@angular/core/fesm2022/testing.mjs:825:29)\n    at TestBedCompiler.compileTestModule (file:///C:/Users/Taboo/chano_web/node_modules/@angular/core/fesm2022/testing.mjs:1065:10)"],"meta":{}}],"startTime":1774332325871,"endTime":1774332325989.2683,"status":"failed","message":"","name":"C:/Users/Taboo/chano_web/src/app/explorer/folder_tree.spec.ts"},{"assertionResults":[],"startTime":1774332324903,"endTime":1774332324903,"status":"failed","message":"describe is not defined","name":"C:/Users/Taboo/chano_web/src/app/explorer/record_editor.spec.ts"},{"assertionResults":[{"ancestorTitles":["RecordListComponent virtualization"],"fullName":"RecordListComponent virtualization renders_only_visible_record_and_image_group_nodes","status":"failed","title":"renders_only_visible_record_and_image_group_nodes","duration":259.1832999999997,"failureMessages":["AssertionError: expected undefined to be 'imageGroup:group-0' // Object.is equality\n    at C:/Users/Taboo/chano_web/src/app/explorer/record_list.spec.ts:152:35\n    at file:///C:/Users/Taboo/chano_web/node_modules/@vitest/runner/dist/index.js:145:11\n    at file:///C:/Users/Taboo/chano_web/node_modules/@vitest/runner/dist/index.js:915:26\n    at file:///C:/Users/Taboo/chano_web/node_modules/@vitest/runner/dist/index.js:1243:20\n    at new Promise (<anonymous>)\n    at runWithTimeout (file:///C:/Users/Taboo/chano_web/node_modules/@vitest/runner/dist/index.js:1209:10)\n    at file:///C:/Users/Taboo/chano_web/node_modules/@vitest/runner/dist/index.js:1653:37\n    at Traces.$ (file:///C:/Users/Taboo/chano_web/node_modules/vitest/dist/chunks/traces.CCmnQaNT.js:142:27)\n    at trace (file:///C:/Users/Taboo/chano_web/node_modules/vitest/dist/chunks/test.B8ej_ZHS.js:239:21)\n    at runTest (file:///C:/Users/Taboo/chano_web/node_modules/@vitest/runner/dist/index.js:1653:12)"],"meta":{}},{"ancestorTitles":["RecordListComponent virtualization"],"fullName":"RecordListComponent virtualization updates_the_visible_slice_deterministically_on_scroll","status":"failed","title":"updates_the_visible_slice_deterministically_on_scroll","duration":25.028999999999996,"failureMessages":["TypeError: Cannot set properties of null (setting 'scrollTop')\n    at scrollToRecordIndex (C:/Users/Taboo/chano_web/src/app/explorer/record_list.spec.ts:144:14)\n    at C:/Users/Taboo/chano_web/src/app/explorer/record_list.spec.ts:158:5\n    at file:///C:/Users/Taboo/chano_web/node_modules/@vitest/runner/dist/index.js:145:11\n    at file:///C:/Users/Taboo/chano_web/node_modules/@vitest/runner/dist/index.js:915:26\n    at file:///C:/Users/Taboo/chano_web/node_modules/@vitest/runner/dist/index.js:1243:20\n    at new Promise (<anonymous>)\n    at runWithTimeout (file:///C:/Users/Taboo/chano_web/node_modules/@vitest/runner/dist/index.js:1209:10)\n    at file:///C:/Users/Taboo/chano_web/node_modules/@vitest/runner/dist/index.js:1653:37\n    at Traces.$ (file:///C:/Users/Taboo/chano_web/node_modules/vitest/dist/chunks/traces.CCmnQaNT.js:142:27)\n    at trace (file:///C:/Users/Taboo/chano_web/node_modules/vitest/dist/chunks/test.B8ej_ZHS.js:239:21)"],"meta":{}},{"ancestorTitles":["RecordListComponent virtualization"],"fullName":"RecordListComponent virtualization does_not_mutate_projection_derived_node_inputs","status":"failed","title":"does_not_mutate_projection_derived_node_inputs","duration":33.48749999999973,"failureMessages":["TypeError: Cannot set properties of null (setting 'scrollTop')\n    at scrollToRecordIndex (C:/Users/Taboo/chano_web/src/app/explorer/record_list.spec.ts:144:14)\n    at C:/Users/Taboo/chano_web/src/app/explorer/record_list.spec.ts:173:5\n    at file:///C:/Users/Taboo/chano_web/node_modules/@vitest/runner/dist/index.js:145:11\n    at file:///C:/Users/Taboo/chano_web/node_modules/@vitest/runner/dist/index.js:915:26\n    at file:///C:/Users/Taboo/chano_web/node_modules/@vitest/runner/dist/index.js:1243:20\n    at new Promise (<anonymous>)\n    at runWithTimeout (file:///C:/Users/Taboo/chano_web/node_modules/@vitest/runner/dist/index.js:1209:10)\n    at file:///C:/Users/Taboo/chano_web/node_modules/@vitest/runner/dist/index.js:1653:37\n    at Traces.$ (file:///C:/Users/Taboo/chano_web/node_modules/vitest/dist/chunks/traces.CCmnQaNT.js:142:27)\n    at trace (file:///C:/Users/Taboo/chano_web/node_modules/vitest/dist/chunks/test.B8ej_ZHS.js:239:21)"],"meta":{}}],"startTime":1774332327177,"endTime":1774332327495.4875,"status":"failed","message":"","name":"C:/Users/Taboo/chano_web/src/app/explorer/record_list.spec.ts"}]}