{"numTotalTestSuites":6,"numPassedTestSuites":0,"numFailedTestSuites":6,"numPendingTestSuites":0,"numTotalTests":11,"numPassedTests":0,"numFailedTests":11,"numPendingTests":0,"numTodoTests":0,"snapshot":{"added":0,"failure":false,"filesAdded":0,"filesRemoved":0,"filesRemovedList":[],"filesUnmatched":0,"filesUpdated":0,"matched":0,"total":0,"unchecked":0,"uncheckedKeysByFile":[],"unmatched":0,"updated":0,"didUpdate":false},"startTime":1774331472980,"success":false,"testResults":[{"assertionResults":[{"ancestorTitles":["Explorer layout contract"],"fullName":"Explorer layout contract declares_toolbar_split_and_both_panes_in_layout_source","status":"failed","title":"declares_toolbar_split_and_both_panes_in_layout_source","duration":16.892100000000028,"failureMessages":["AssertionError: expected 'import {\\r\\n  ChangeDetectionStrategy…' to contain 'app-explorer-toolbar'\n    at C:/Users/Taboo/chano_web/src/app/explorer/explorer.spec.ts:121:20\n    at file:///C:/Users/Taboo/chano_web/node_modules/@vitest/runner/dist/index.js:145:11\n    at file:///C:/Users/Taboo/chano_web/node_modules/@vitest/runner/dist/index.js:915:26\n    at file:///C:/Users/Taboo/chano_web/node_modules/@vitest/runner/dist/index.js:1243:20\n    at new Promise (<anonymous>)\n    at runWithTimeout (file:///C:/Users/Taboo/chano_web/node_modules/@vitest/runner/dist/index.js:1209:10)\n    at file:///C:/Users/Taboo/chano_web/node_modules/@vitest/runner/dist/index.js:1653:37\n    at Traces.$ (file:///C:/Users/Taboo/chano_web/node_modules/vitest/dist/chunks/traces.CCmnQaNT.js:142:27)\n    at trace (file:///C:/Users/Taboo/chano_web/node_modules/vitest/dist/chunks/test.B8ej_ZHS.js:239:21)\n    at runTest (file:///C:/Users/Taboo/chano_web/node_modules/@vitest/runner/dist/index.js:1653:12)"],"meta":{}},{"ancestorTitles":["Explorer layout contract"],"fullName":"Explorer layout contract uses_navigation_selection_to_switch_folder_and_thread_content_without_projection_mutation","status":"failed","title":"uses_navigation_selection_to_switch_folder_and_thread_content_without_projection_mutation","duration":39.10480000000007,"failureMessages":["ReferenceError: document is not defined\n    at Object._document [as useFactory] (file:///C:/Users/Taboo/chano_web/node_modules/@angular/platform-browser/fesm2022/_browser-chunk.mjs:329:16)\n    at Object.factory (file:///C:/Users/Taboo/chano_web/node_modules/@angular/core/fesm2022/_effect-chunk2.mjs:1395:32)\n    at file:///C:/Users/Taboo/chano_web/node_modules/@angular/core/fesm2022/_effect-chunk2.mjs:1316:35\n    at runInInjectorProfilerContext (file:///C:/Users/Taboo/chano_web/node_modules/@angular/core/fesm2022/_effect-chunk2.mjs:444:5)\n    at R3Injector.hydrate (file:///C:/Users/Taboo/chano_web/node_modules/@angular/core/fesm2022/_effect-chunk2.mjs:1314:11)\n    at R3Injector.get (file:///C:/Users/Taboo/chano_web/node_modules/@angular/core/fesm2022/_effect-chunk2.mjs:1203:23)\n    at R3Injector.get (file:///C:/Users/Taboo/chano_web/node_modules/@angular/core/fesm2022/_effect-chunk2.mjs:1208:27)\n    at R3Injector.retrieve (file:///C:/Users/Taboo/chano_web/node_modules/@angular/core/fesm2022/_effect-chunk2.mjs:1118:19)\n    at injectInjectorOnly (file:///C:/Users/Taboo/chano_web/node_modules/@angular/core/fesm2022/_effect-chunk2.mjs:672:35)\n    at ɵɵinject (file:///C:/Users/Taboo/chano_web/node_modules/@angular/core/fesm2022/_effect-chunk2.mjs:684:59)"],"meta":{}},{"ancestorTitles":["Explorer layout contract"],"fullName":"Explorer layout contract produces_identical_viewmodel_outputs_for_the_same_state","status":"failed","title":"produces_identical_viewmodel_outputs_for_the_same_state","duration":5.163900000000012,"failureMessages":["Error: NG0200: Circular dependency detected for `InjectionToken DocumentToken`. Source: DynamicTestModule. Path: TestComponentRenderer -> InjectionToken DocumentToken. Find more at https://v21.angular.dev/errors/NG0200\n    at createRuntimeError (file:///C:/Users/Taboo/chano_web/node_modules/@angular/core/fesm2022/_effect-chunk2.mjs:602:17)\n    at cyclicDependencyError (file:///C:/Users/Taboo/chano_web/node_modules/@angular/core/fesm2022/_effect-chunk2.mjs:554:10)\n    at R3Injector.hydrate (file:///C:/Users/Taboo/chano_web/node_modules/@angular/core/fesm2022/_effect-chunk2.mjs:1310:15)\n    at R3Injector.get (file:///C:/Users/Taboo/chano_web/node_modules/@angular/core/fesm2022/_effect-chunk2.mjs:1203:23)\n    at R3Injector.get (file:///C:/Users/Taboo/chano_web/node_modules/@angular/core/fesm2022/_effect-chunk2.mjs:1208:27)\n    at R3Injector.retrieve (file:///C:/Users/Taboo/chano_web/node_modules/@angular/core/fesm2022/_effect-chunk2.mjs:1118:19)\n    at injectInjectorOnly (file:///C:/Users/Taboo/chano_web/node_modules/@angular/core/fesm2022/_effect-chunk2.mjs:672:35)\n    at ɵɵinject (file:///C:/Users/Taboo/chano_web/node_modules/@angular/core/fesm2022/_effect-chunk2.mjs:684:59)\n    at Object.DOMTestComponentRenderer_Factory [as factory] (ng:///DOMTestComponentRenderer/ɵfac.js:5:68)\n    at file:///C:/Users/Taboo/chano_web/node_modules/@angular/core/fesm2022/_effect-chunk2.mjs:1316:35"],"meta":{}},{"ancestorTitles":["Explorer layout contract"],"fullName":"Explorer layout contract loads_a_valid_persisted_split_ratio_on_init","status":"failed","title":"loads_a_valid_persisted_split_ratio_on_init","duration":2.9170000000001437,"failureMessages":["Error: Component 'ExplorerLayoutContainerComponent' is not resolved:\n - templateUrl: ./explorer.layout.html\n - styleUrl: ./explorer.layout.css\nDid you run and wait for 'resolveComponentResources()'?\n    at ExplorerLayoutContainerComponent.get (file:///C:/Users/Taboo/chano_web/node_modules/@angular/core/fesm2022/_debug_node-chunk.mjs:17624:17)\n    at getComponentDef (file:///C:/Users/Taboo/chano_web/node_modules/@angular/core/fesm2022/testing.mjs:1154:16)\n    at isStandaloneComponent (file:///C:/Users/Taboo/chano_web/node_modules/@angular/core/fesm2022/testing.mjs:1150:15)\n    at queueTypesFromModulesArrayRecur (file:///C:/Users/Taboo/chano_web/node_modules/@angular/core/fesm2022/testing.mjs:925:20)\n    at TestBedCompiler.queueTypesFromModulesArray (file:///C:/Users/Taboo/chano_web/node_modules/@angular/core/fesm2022/testing.mjs:943:5)\n    at TestBedCompiler.configureTestingModule (file:///C:/Users/Taboo/chano_web/node_modules/@angular/core/fesm2022/testing.mjs:567:12)\n    at TestBedImpl.configureTestingModule (file:///C:/Users/Taboo/chano_web/node_modules/@angular/core/fesm2022/testing.mjs:1402:19)\n    at TestBedImpl.configureTestingModule (file:///C:/Users/Taboo/chano_web/node_modules/@angular/core/fesm2022/testing.mjs:1273:33)\n    at createLayoutFixture (C:/Users/Taboo/chano_web/src/app/explorer/explorer.spec.ts:99:13)\n    at C:/Users/Taboo/chano_web/src/app/explorer/explorer.spec.ts:259:21"],"meta":{}},{"ancestorTitles":["Explorer layout contract"],"fullName":"Explorer layout contract falls_back_to_default_when_persisted_split_ratio_is_invalid","status":"failed","title":"falls_back_to_default_when_persisted_split_ratio_is_invalid","duration":0.643500000000131,"failureMessages":["Error: Component 'ExplorerLayoutContainerComponent' is not resolved:\n - templateUrl: ./explorer.layout.html\n - styleUrl: ./explorer.layout.css\nDid you run and wait for 'resolveComponentResources()'?\n    at ExplorerLayoutContainerComponent.get (file:///C:/Users/Taboo/chano_web/node_modules/@angular/core/fesm2022/_debug_node-chunk.mjs:17624:17)\n    at getComponentDef (file:///C:/Users/Taboo/chano_web/node_modules/@angular/core/fesm2022/testing.mjs:1154:16)\n    at isStandaloneComponent (file:///C:/Users/Taboo/chano_web/node_modules/@angular/core/fesm2022/testing.mjs:1150:15)\n    at queueTypesFromModulesArrayRecur (file:///C:/Users/Taboo/chano_web/node_modules/@angular/core/fesm2022/testing.mjs:925:20)\n    at TestBedCompiler.queueTypesFromModulesArray (file:///C:/Users/Taboo/chano_web/node_modules/@angular/core/fesm2022/testing.mjs:943:5)\n    at TestBedCompiler.configureTestingModule (file:///C:/Users/Taboo/chano_web/node_modules/@angular/core/fesm2022/testing.mjs:567:12)\n    at TestBedImpl.configureTestingModule (file:///C:/Users/Taboo/chano_web/node_modules/@angular/core/fesm2022/testing.mjs:1402:19)\n    at TestBedImpl.configureTestingModule (file:///C:/Users/Taboo/chano_web/node_modules/@angular/core/fesm2022/testing.mjs:1273:33)\n    at createLayoutFixture (C:/Users/Taboo/chano_web/src/app/explorer/explorer.spec.ts:99:13)\n    at C:/Users/Taboo/chano_web/src/app/explorer/explorer.spec.ts:269:21"],"meta":{}},{"ancestorTitles":["Explorer layout contract"],"fullName":"Explorer layout contract persists_split_ratio_with_debounce_without_affecting_navigation_selection","status":"failed","title":"persists_split_ratio_with_debounce_without_affecting_navigation_selection","duration":3.325900000000047,"failureMessages":["Error: Component 'ExplorerLayoutContainerComponent' is not resolved:\n - templateUrl: ./explorer.layout.html\n - styleUrl: ./explorer.layout.css\nDid you run and wait for 'resolveComponentResources()'?\n    at ExplorerLayoutContainerComponent.get (file:///C:/Users/Taboo/chano_web/node_modules/@angular/core/fesm2022/_debug_node-chunk.mjs:17624:17)\n    at getComponentDef (file:///C:/Users/Taboo/chano_web/node_modules/@angular/core/fesm2022/testing.mjs:1154:16)\n    at isStandaloneComponent (file:///C:/Users/Taboo/chano_web/node_modules/@angular/core/fesm2022/testing.mjs:1150:15)\n    at queueTypesFromModulesArrayRecur (file:///C:/Users/Taboo/chano_web/node_modules/@angular/core/fesm2022/testing.mjs:925:20)\n    at TestBedCompiler.queueTypesFromModulesArray (file:///C:/Users/Taboo/chano_web/node_modules/@angular/core/fesm2022/testing.mjs:943:5)\n    at TestBedCompiler.configureTestingModule (file:///C:/Users/Taboo/chano_web/node_modules/@angular/core/fesm2022/testing.mjs:567:12)\n    at TestBedImpl.configureTestingModule (file:///C:/Users/Taboo/chano_web/node_modules/@angular/core/fesm2022/testing.mjs:1402:19)\n    at TestBedImpl.configureTestingModule (file:///C:/Users/Taboo/chano_web/node_modules/@angular/core/fesm2022/testing.mjs:1273:33)\n    at createLayoutFixture (C:/Users/Taboo/chano_web/src/app/explorer/explorer.spec.ts:99:13)\n    at C:/Users/Taboo/chano_web/src/app/explorer/explorer.spec.ts:278:21"],"meta":{}}],"startTime":1774331474289,"endTime":1774331474357.326,"status":"failed","message":"","name":"C:/Users/Taboo/chano_web/src/app/explorer/explorer.spec.ts"},{"assertionResults":[{"ancestorTitles":["FolderTreeComponent"],"fullName":"FolderTreeComponent renders_recursive_folder_nodes_without_transforming_order","status":"failed","title":"renders_recursive_folder_nodes_without_transforming_order","duration":5.8870999999999185,"failureMessages":["Error: Need to call TestBed.initTestEnvironment() first\n    at TestBedImpl.get compiler [as compiler] (file:///C:/Users/Taboo/chano_web/node_modules/@angular/core/fesm2022/testing.mjs:1486:13)\n    at TestBedImpl.configureTestingModule (file:///C:/Users/Taboo/chano_web/node_modules/@angular/core/fesm2022/testing.mjs:1402:10)\n    at TestBedImpl.configureTestingModule (file:///C:/Users/Taboo/chano_web/node_modules/@angular/core/fesm2022/testing.mjs:1273:33)\n    at C:/Users/Taboo/chano_web/src/app/explorer/folder_tree.spec.ts:11:19\n    at file:///C:/Users/Taboo/chano_web/node_modules/@vitest/runner/dist/index.js:145:11\n    at file:///C:/Users/Taboo/chano_web/node_modules/@vitest/runner/dist/index.js:1243:20\n    at new Promise (<anonymous>)\n    at runWithTimeout (file:///C:/Users/Taboo/chano_web/node_modules/@vitest/runner/dist/index.js:1209:10)\n    at runHook (file:///C:/Users/Taboo/chano_web/node_modules/@vitest/runner/dist/index.js:1514:51)\n    at callSuiteHook (file:///C:/Users/Taboo/chano_web/node_modules/@vitest/runner/dist/index.js:1520:25)"],"meta":{}},{"ancestorTitles":["FolderTreeComponent"],"fullName":"FolderTreeComponent emits_selected_folder_id","status":"failed","title":"emits_selected_folder_id","duration":111.43399999999997,"failureMessages":["TypeError: Cannot read properties of null (reading 'ngModule')\n    at isModuleWithProviders (file:///C:/Users/Taboo/chano_web/node_modules/@angular/core/fesm2022/_debug_node-chunk.mjs:7522:16)\n    at expandModuleWithProviders (file:///C:/Users/Taboo/chano_web/node_modules/@angular/core/fesm2022/_debug_node-chunk.mjs:17592:7)\n    at Array.map (<anonymous>)\n    at DynamicTestModule.get (file:///C:/Users/Taboo/chano_web/node_modules/@angular/core/fesm2022/_debug_node-chunk.mjs:17307:84)\n    at getNgModuleDef (file:///C:/Users/Taboo/chano_web/node_modules/@angular/core/fesm2022/_effect-chunk2.mjs:478:14)\n    at getNgModuleDefOrThrow (file:///C:/Users/Taboo/chano_web/node_modules/@angular/core/fesm2022/_effect-chunk2.mjs:481:23)\n    at verifySemanticsOfNgModuleDef (file:///C:/Users/Taboo/chano_web/node_modules/@angular/core/fesm2022/_debug_node-chunk.mjs:17380:19)\n    at DynamicTestModule.get (file:///C:/Users/Taboo/chano_web/node_modules/@angular/core/fesm2022/_debug_node-chunk.mjs:17344:22)\n    at TestBedCompiler.applyProviderOverridesInScope (file:///C:/Users/Taboo/chano_web/node_modules/@angular/core/fesm2022/testing.mjs:825:29)\n    at TestBedCompiler.compileTestModule (file:///C:/Users/Taboo/chano_web/node_modules/@angular/core/fesm2022/testing.mjs:1065:10)"],"meta":{}}],"startTime":1774331473847,"endTime":1774331473964.434,"status":"failed","message":"","name":"C:/Users/Taboo/chano_web/src/app/explorer/folder_tree.spec.ts"},{"assertionResults":[{"ancestorTitles":["RecordListComponent virtualization"],"fullName":"RecordListComponent virtualization renders_only_visible_record_and_image_group_nodes","status":"failed","title":"renders_only_visible_record_and_image_group_nodes","duration":246.59519999999975,"failureMessages":["AssertionError: expected undefined to be 'imageGroup:group-0' // Object.is equality\n    at C:/Users/Taboo/chano_web/src/app/explorer/record_list.spec.ts:152:35\n    at file:///C:/Users/Taboo/chano_web/node_modules/@vitest/runner/dist/index.js:145:11\n    at file:///C:/Users/Taboo/chano_web/node_modules/@vitest/runner/dist/index.js:915:26\n    at file:///C:/Users/Taboo/chano_web/node_modules/@vitest/runner/dist/index.js:1243:20\n    at new Promise (<anonymous>)\n    at runWithTimeout (file:///C:/Users/Taboo/chano_web/node_modules/@vitest/runner/dist/index.js:1209:10)\n    at file:///C:/Users/Taboo/chano_web/node_modules/@vitest/runner/dist/index.js:1653:37\n    at Traces.$ (file:///C:/Users/Taboo/chano_web/node_modules/vitest/dist/chunks/traces.CCmnQaNT.js:142:27)\n    at trace (file:///C:/Users/Taboo/chano_web/node_modules/vitest/dist/chunks/test.B8ej_ZHS.js:239:21)\n    at runTest (file:///C:/Users/Taboo/chano_web/node_modules/@vitest/runner/dist/index.js:1653:12)"],"meta":{}},{"ancestorTitles":["RecordListComponent virtualization"],"fullName":"RecordListComponent virtualization updates_the_visible_slice_deterministically_on_scroll","status":"failed","title":"updates_the_visible_slice_deterministically_on_scroll","duration":23.556100000000242,"failureMessages":["TypeError: Cannot set properties of null (setting 'scrollTop')\n    at scrollToRecordIndex (C:/Users/Taboo/chano_web/src/app/explorer/record_list.spec.ts:144:14)\n    at C:/Users/Taboo/chano_web/src/app/explorer/record_list.spec.ts:158:5\n    at file:///C:/Users/Taboo/chano_web/node_modules/@vitest/runner/dist/index.js:145:11\n    at file:///C:/Users/Taboo/chano_web/node_modules/@vitest/runner/dist/index.js:915:26\n    at file:///C:/Users/Taboo/chano_web/node_modules/@vitest/runner/dist/index.js:1243:20\n    at new Promise (<anonymous>)\n    at runWithTimeout (file:///C:/Users/Taboo/chano_web/node_modules/@vitest/runner/dist/index.js:1209:10)\n    at file:///C:/Users/Taboo/chano_web/node_modules/@vitest/runner/dist/index.js:1653:37\n    at Traces.$ (file:///C:/Users/Taboo/chano_web/node_modules/vitest/dist/chunks/traces.CCmnQaNT.js:142:27)\n    at trace (file:///C:/Users/Taboo/chano_web/node_modules/vitest/dist/chunks/test.B8ej_ZHS.js:239:21)"],"meta":{}},{"ancestorTitles":["RecordListComponent virtualization"],"fullName":"RecordListComponent virtualization does_not_mutate_projection_derived_node_inputs","status":"failed","title":"does_not_mutate_projection_derived_node_inputs","duration":32.95620000000008,"failureMessages":["TypeError: Cannot set properties of null (setting 'scrollTop')\n    at scrollToRecordIndex (C:/Users/Taboo/chano_web/src/app/explorer/record_list.spec.ts:144:14)\n    at C:/Users/Taboo/chano_web/src/app/explorer/record_list.spec.ts:173:5\n    at file:///C:/Users/Taboo/chano_web/node_modules/@vitest/runner/dist/index.js:145:11\n    at file:///C:/Users/Taboo/chano_web/node_modules/@vitest/runner/dist/index.js:915:26\n    at file:///C:/Users/Taboo/chano_web/node_modules/@vitest/runner/dist/index.js:1243:20\n    at new Promise (<anonymous>)\n    at runWithTimeout (file:///C:/Users/Taboo/chano_web/node_modules/@vitest/runner/dist/index.js:1209:10)\n    at file:///C:/Users/Taboo/chano_web/node_modules/@vitest/runner/dist/index.js:1653:37\n    at Traces.$ (file:///C:/Users/Taboo/chano_web/node_modules/vitest/dist/chunks/traces.CCmnQaNT.js:142:27)\n    at trace (file:///C:/Users/Taboo/chano_web/node_modules/vitest/dist/chunks/test.B8ej_ZHS.js:239:21)"],"meta":{}}],"startTime":1774331475118,"endTime":1774331475420.9563,"status":"failed","message":"","name":"C:/Users/Taboo/chano_web/src/app/explorer/record_list.spec.ts"}]}