{"numTotalTestSuites":2,"numPassedTestSuites":2,"numFailedTestSuites":0,"numPendingTestSuites":0,"numTotalTests":2,"numPassedTests":2,"numFailedTests":0,"numPendingTests":0,"numTodoTests":0,"snapshot":{"added":0,"failure":false,"filesAdded":0,"filesRemoved":0,"filesRemovedList":[],"filesUnmatched":0,"filesUpdated":0,"matched":0,"total":0,"unchecked":0,"uncheckedKeysByFile":[],"unmatched":0,"updated":0,"didUpdate":false},"startTime":1774331460936,"success":true,"testResults":[{"assertionResults":[{"ancestorTitles":["Explorer UI primitives audit"],"fullName":"Explorer UI primitives audit keep_ui_primitives_presentation_only","status":"passed","title":"keep_ui_primitives_presentation_only","duration":3.65179999999998,"failureMessages":[],"meta":{}},{"ancestorTitles":["Explorer UI primitives audit"],"fullName":"Explorer UI primitives audit declares_global_explorer_design_tokens_and_states","status":"passed","title":"declares_global_explorer_design_tokens_and_states","duration":0.7194000000000074,"failureMessages":[],"meta":{}}],"startTime":1774331461293,"endTime":1774331461297.7195,"status":"passed","message":"","name":"C:/Users/Taboo/chano_web/src/app/ui/ui_primitives.audit.spec.ts"}]}